
> ai-sales-enablement-webapp@0.1.0 type-check
> tsc --noEmit

__tests__/lib/collaboration/edit-lock-manager.test.ts(142,34): error TS2339: Property 'mockResolvedValue' does not exist on type '<T extends UserFindUniqueArgs>(args: SelectSubset<T, UserFindUniqueArgs<DefaultArgs>>) => Prisma__UserClient<GetFindResult<$UserPayload<DefaultArgs>, T, {}> | null, null, DefaultArgs>'.
__tests__/lib/collaboration/edit-lock-manager.test.ts(155,34): error TS2339: Property 'mockResolvedValue' does not exist on type '<T extends UserFindUniqueArgs>(args: SelectSubset<T, UserFindUniqueArgs<DefaultArgs>>) => Prisma__UserClient<GetFindResult<$UserPayload<DefaultArgs>, T, {}> | null, null, DefaultArgs>'.
__tests__/lib/collaboration/edit-lock-manager.test.ts(197,34): error TS2339: Property 'mockResolvedValue' does not exist on type '<T extends UserFindUniqueArgs>(args: SelectSubset<T, UserFindUniqueArgs<DefaultArgs>>) => Prisma__UserClient<GetFindResult<$UserPayload<DefaultArgs>, T, {}> | null, null, DefaultArgs>'.
__tests__/lib/collaboration/edit-lock-manager.test.ts(211,43): error TS2339: Property 'mockResolvedValue' does not exist on type '<T extends KnowledgeBaseFindUniqueArgs>(args: SelectSubset<T, KnowledgeBaseFindUniqueArgs<DefaultArgs>>) => Prisma__KnowledgeBaseClient<GetFindResult<$KnowledgeBasePayload<DefaultArgs>, T, {}> | null, null, DefaultArgs>'.
__tests__/lib/collaboration/edit-lock-manager.test.ts(229,43): error TS2339: Property 'mockResolvedValue' does not exist on type '<T extends KnowledgeBaseFindUniqueArgs>(args: SelectSubset<T, KnowledgeBaseFindUniqueArgs<DefaultArgs>>) => Prisma__KnowledgeBaseClient<GetFindResult<$KnowledgeBasePayload<DefaultArgs>, T, {}> | null, null, DefaultArgs>'.
__tests__/lib/security/action-restrictions.test.ts(274,18): error TS2339: Property 'TEMPLATES' does not exist on type 'typeof Resource'.
__tests__/lib/security/field-level-permissions.test.ts(200,20): error TS2339: Property 'TEMPLATES' does not exist on type 'typeof Resource'.
__tests__/lib/security/field-level-permissions.test.ts(480,18): error TS2339: Property 'TEMPLATES' does not exist on type 'typeof Resource'.
__tests__/lib/security/field-level-permissions.test.ts(540,18): error TS2339: Property 'TEMPLATES' does not exist on type 'typeof Resource'.
__tests__/lib/security/field-level-permissions.test.ts(590,20): error TS2339: Property 'TEMPLATES' does not exist on type 'typeof Resource'.
__tests__/lib/security/field-level-permissions.test.ts(640,20): error TS2339: Property 'TEMPLATES' does not exist on type 'typeof Resource'.
__tests__/lib/security/rbac-ownership.test.ts(13,10): error TS2614: Module '"@/lib/security/rbac"' has no exported member 'checkOwnership'. Did you mean to use 'import checkOwnership from "@/lib/security/rbac"' instead?
__tests__/lib/security/rbac-permissions.test.ts(328,7): error TS2578: Unused '@ts-expect-error' directive.
__tests__/lib/security/rbac-permissions.test.ts(330,9): error TS2345: Argument of type '"INVALID_ROLE"' is not assignable to parameter of type 'UserRole'.
__tests__/lib/security/rbac-permissions.test.ts(338,7): error TS2578: Unused '@ts-expect-error' directive.
__tests__/lib/security/rbac-permissions.test.ts(341,9): error TS2345: Argument of type '"INVALID_RESOURCE"' is not assignable to parameter of type 'Resource'.
__tests__/lib/security/rbac-permissions.test.ts(348,7): error TS2578: Unused '@ts-expect-error' directive.
__tests__/lib/security/rbac-permissions.test.ts(352,9): error TS2345: Argument of type '"INVALID_ACTION"' is not assignable to parameter of type 'Action'.
__tests__/lib/security/rbac-permissions.test.ts(360,7): error TS2578: Unused '@ts-expect-error' directive.
__tests__/lib/security/rbac-permissions.test.ts(364,9): error TS2345: Argument of type '"INVALID_ACTION"' is not assignable to parameter of type 'Action'.
__tests__/lib/security/resource-conditions.test.ts(328,18): error TS2339: Property 'TEMPLATES' does not exist on type 'typeof Resource'.
__tests__/lib/security/resource-conditions.test.ts(341,18): error TS2339: Property 'TEMPLATES' does not exist on type 'typeof Resource'.
app/api/audit-logs/export/route.ts(88,7): error TS2322: Type 'import("C:/ai-sales-enablement-webapp/node_modules/.prisma/client/index").$Enums.AuditSeverity | import("C:/ai-sales-enablement-webapp/node_modules/.prisma/client/index").$Enums.AuditSeverity[] | undefined' is not assignable to type 'import("C:/ai-sales-enablement-webapp/lib/security/audit-log").AuditSeverity | import("C:/ai-sales-enablement-webapp/lib/security/audit-log").AuditSeverity[] | undefined'.
  Type '"INFO"' is not assignable to type 'AuditSeverity | AuditSeverity[] | undefined'.
app/api/audit-logs/export/route.ts(172,9): error TS2339: Property 'userRole' does not exist on type 'AuditLogEntry'.
app/api/audit-logs/route.ts(80,7): error TS2322: Type 'AuditSeverity | undefined' is not assignable to type 'AuditSeverity | AuditSeverity[] | undefined'.
  Type '"INFO"' is not assignable to type 'AuditSeverity | AuditSeverity[] | undefined'.
app/dashboard/admin/audit-logs/page.tsx(43,17): error TS2339: Property 'token' does not exist on type 'AuthContextType'.
app/dashboard/admin/audit-logs/page.tsx(269,52): error TS2339: Property 'userRole' does not exist on type 'AuditLogEntry'.
components/audit/AuditLogExport.tsx(41,11): error TS2339: Property 'token' does not exist on type 'AuthContextType'.
components/audit/AuditLogStats.tsx(52,11): error TS2339: Property 'token' does not exist on type 'AuthContextType'.
components/audit/AuditLogStats.tsx(178,38): error TS2551: Property 'info' does not exist on type 'Record<AuditSeverity, number>'. Did you mean 'INFO'?
components/audit/AuditLogStats.tsx(194,39): error TS2551: Property 'warning' does not exist on type 'Record<AuditSeverity, number>'. Did you mean 'WARNING'?
components/audit/AuditLogStats.tsx(195,39): error TS2551: Property 'error' does not exist on type 'Record<AuditSeverity, number>'. Did you mean 'ERROR'?
components/audit/AuditLogStats.tsx(196,39): error TS2551: Property 'critical' does not exist on type 'Record<AuditSeverity, number>'. Did you mean 'CRITICAL'?
components/audit/AuditLogStats.tsx(288,40): error TS2551: Property 'info' does not exist on type 'Record<AuditSeverity, number>'. Did you mean 'INFO'?
components/audit/AuditLogStats.tsx(294,76): error TS2551: Property 'info' does not exist on type 'Record<AuditSeverity, number>'. Did you mean 'INFO'?
components/audit/AuditLogStats.tsx(303,40): error TS2551: Property 'warning' does not exist on type 'Record<AuditSeverity, number>'. Did you mean 'WARNING'?
components/audit/AuditLogStats.tsx(309,76): error TS2551: Property 'warning' does not exist on type 'Record<AuditSeverity, number>'. Did you mean 'WARNING'?
components/audit/AuditLogStats.tsx(318,40): error TS2551: Property 'error' does not exist on type 'Record<AuditSeverity, number>'. Did you mean 'ERROR'?
components/audit/AuditLogStats.tsx(324,76): error TS2551: Property 'error' does not exist on type 'Record<AuditSeverity, number>'. Did you mean 'ERROR'?
components/audit/AuditLogStats.tsx(333,40): error TS2551: Property 'critical' does not exist on type 'Record<AuditSeverity, number>'. Did you mean 'CRITICAL'?
components/audit/AuditLogStats.tsx(339,76): error TS2551: Property 'critical' does not exist on type 'Record<AuditSeverity, number>'. Did you mean 'CRITICAL'?
lib/calendar/microsoft-graph-oauth.ts(160,30): error TS2551: Property 'refreshToken' does not exist on type 'AuthenticationResult'. Did you mean 'refreshOn'?
lib/search/search-analytics.ts(1032,38): error TS2552: Cannot find name 'filters'. Did you mean '_filters'?
lib/search/search-analytics.ts(1033,32): error TS2552: Cannot find name 'startDate'. Did you mean '_startDate'?
lib/search/search-analytics.ts(1033,55): error TS2552: Cannot find name 'endDate'. Did you mean '_endDate'?
lib/security/action-restrictions.ts(228,24): error TS2339: Property 'TEMPLATES' does not exist on type 'typeof Resource'.
lib/security/encryption.test.ts(117,31): error TS2345: Argument of type 'Promise<string>' is not assignable to parameter of type 'string'.
lib/security/encryption.test.ts(125,35): error TS2769: No overload matches this call.
  Overload 1 of 4, '(arrayBuffer: WithImplicitCoercion<ArrayBufferLike>, byteOffset?: number | undefined, length?: number | undefined): Buffer<ArrayBufferLike>', gave the following error.
    Argument of type 'Promise<string>' is not assignable to parameter of type 'WithImplicitCoercion<ArrayBufferLike>'.
      Type 'Promise<string>' is missing the following properties from type 'SharedArrayBuffer': byteLength, slice
  Overload 2 of 4, '(string: WithImplicitCoercion<string>, encoding?: BufferEncoding | undefined): Buffer<ArrayBuffer>', gave the following error.
    Argument of type 'Promise<string>' is not assignable to parameter of type 'WithImplicitCoercion<string>'.
lib/security/encryption.test.ts(139,35): error TS2769: No overload matches this call.
  Overload 1 of 4, '(arrayBuffer: WithImplicitCoercion<ArrayBufferLike>, byteOffset?: number | undefined, length?: number | undefined): Buffer<ArrayBufferLike>', gave the following error.
    Argument of type 'Promise<string>' is not assignable to parameter of type 'WithImplicitCoercion<ArrayBufferLike>'.
      Type 'Promise<string>' is missing the following properties from type 'SharedArrayBuffer': byteLength, slice
  Overload 2 of 4, '(string: WithImplicitCoercion<string>, encoding?: BufferEncoding | undefined): Buffer<ArrayBuffer>', gave the following error.
    Argument of type 'Promise<string>' is not assignable to parameter of type 'WithImplicitCoercion<string>'.
lib/security/encryption.test.ts(160,35): error TS2769: No overload matches this call.
  Overload 1 of 4, '(arrayBuffer: WithImplicitCoercion<ArrayBufferLike>, byteOffset?: number | undefined, length?: number | undefined): Buffer<ArrayBufferLike>', gave the following error.
    Argument of type 'Promise<string>' is not assignable to parameter of type 'WithImplicitCoercion<ArrayBufferLike>'.
      Type 'Promise<string>' is missing the following properties from type 'SharedArrayBuffer': byteLength, slice
  Overload 2 of 4, '(string: WithImplicitCoercion<string>, encoding?: BufferEncoding | undefined): Buffer<ArrayBuffer>', gave the following error.
    Argument of type 'Promise<string>' is not assignable to parameter of type 'WithImplicitCoercion<string>'.
lib/security/encryption.test.ts(183,24): error TS2339: Property 'id' does not exist on type 'Promise<{ id: number; name: string; email: string; phone: string; public_field: string; }>'.
lib/security/encryption.test.ts(184,24): error TS2339: Property 'name' does not exist on type 'Promise<{ id: number; name: string; email: string; phone: string; public_field: string; }>'.
lib/security/encryption.test.ts(185,24): error TS2339: Property 'email' does not exist on type 'Promise<{ id: number; name: string; email: string; phone: string; public_field: string; }>'.
lib/security/encryption.test.ts(186,24): error TS2339: Property 'phone' does not exist on type 'Promise<{ id: number; name: string; email: string; phone: string; public_field: string; }>'.
lib/security/encryption.test.ts(187,24): error TS2339: Property 'public_field' does not exist on type 'Promise<{ id: number; name: string; email: string; phone: string; public_field: string; }>'.
lib/security/encryption.test.ts(198,69): error TS2322: Type '"email"' is not assignable to type 'keyof Promise<{ id: number; email: string; phone: string; }>'.
lib/security/encryption.test.ts(198,78): error TS2322: Type '"phone"' is not assignable to type 'keyof Promise<{ id: number; email: string; phone: string; }>'.
lib/security/encryption.test.ts(200,24): error TS2339: Property 'email' does not exist on type 'Promise<Promise<{ id: number; email: string; phone: string; }>>'.
lib/security/encryption.test.ts(201,24): error TS2339: Property 'phone' does not exist on type 'Promise<Promise<{ id: number; email: string; phone: string; }>>'.
lib/security/encryption.test.ts(214,24): error TS2339: Property 'email' does not exist on type 'Promise<{ email: string; phone: string; }>'.
lib/security/encryption.test.ts(227,24): error TS2339: Property 'email' does not exist on type 'Promise<{ email: string; phone: string; age: number; active: boolean; }>'.
lib/security/encryption.test.ts(228,24): error TS2339: Property 'phone' does not exist on type 'Promise<{ email: string; phone: string; age: number; active: boolean; }>'.
lib/security/encryption.test.ts(229,24): error TS2339: Property 'age' does not exist on type 'Promise<{ email: string; phone: string; age: number; active: boolean; }>'.
lib/security/encryption.test.ts(230,24): error TS2339: Property 'active' does not exist on type 'Promise<{ email: string; phone: string; age: number; active: boolean; }>'.
lib/security/encryption.test.ts(354,33): error TS2345: Argument of type 'Promise<string>' is not assignable to parameter of type 'string'.
lib/security/encryption.test.ts(427,35): error TS2345: Argument of type 'Promise<string>' is not assignable to parameter of type 'string'.
lib/security/encryption.test.ts(454,24): error TS2339: Property 'name' does not exist on type 'Promise<{ id: number; name: string; email: string; phone: string; address: string; created_at: Date; }>'.
lib/security/encryption.test.ts(455,24): error TS2339: Property 'email' does not exist on type 'Promise<{ id: number; name: string; email: string; phone: string; address: string; created_at: Date; }>'.
lib/security/encryption.test.ts(456,24): error TS2339: Property 'phone' does not exist on type 'Promise<{ id: number; name: string; email: string; phone: string; address: string; created_at: Date; }>'.
lib/security/encryption.test.ts(457,24): error TS2339: Property 'address' does not exist on type 'Promise<{ id: number; name: string; email: string; phone: string; address: string; created_at: Date; }>'.
lib/security/encryption.test.ts(460,69): error TS2322: Type '"email"' is not assignable to type 'keyof Promise<{ id: number; name: string; email: string; phone: string; address: string; created_at: Date; }>'.
lib/security/encryption.test.ts(460,78): error TS2322: Type '"phone"' is not assignable to type 'keyof Promise<{ id: number; name: string; email: string; phone: string; address: string; created_at: Date; }>'.
lib/security/encryption.test.ts(460,87): error TS2322: Type '"address"' is not assignable to type 'keyof Promise<{ id: number; name: string; email: string; phone: string; address: string; created_at: Date; }>'.
lib/security/encryption.test.ts(462,24): error TS2339: Property 'email' does not exist on type 'Promise<Promise<{ id: number; name: string; email: string; phone: string; address: string; created_at: Date; }>>'.
lib/security/encryption.test.ts(463,24): error TS2339: Property 'phone' does not exist on type 'Promise<Promise<{ id: number; name: string; email: string; phone: string; address: string; created_at: Date; }>>'.
lib/security/encryption.test.ts(464,24): error TS2339: Property 'address' does not exist on type 'Promise<Promise<{ id: number; name: string; email: string; phone: string; address: string; created_at: Date; }>>'.
lib/security/encryption.test.ts(494,24): error TS2339: Property 'title' does not exist on type 'Promise<{ id: number; title: string; content: string; customer_notes: string; status: string; }>'.
lib/security/encryption.test.ts(495,24): error TS2339: Property 'content' does not exist on type 'Promise<{ id: number; title: string; content: string; customer_notes: string; status: string; }>'.
lib/security/encryption.test.ts(496,24): error TS2339: Property 'customer_notes' does not exist on type 'Promise<{ id: number; title: string; content: string; customer_notes: string; status: string; }>'.
lib/security/encryption.test.ts(499,69): error TS2322: Type '"content"' is not assignable to type 'keyof Promise<{ id: number; title: string; content: string; customer_notes: string; status: string; }>'.
lib/security/encryption.test.ts(499,80): error TS2322: Type '"customer_notes"' is not assignable to type 'keyof Promise<{ id: number; title: string; content: string; customer_notes: string; status: string; }>'.
lib/security/encryption.test.ts(501,24): error TS2339: Property 'content' does not exist on type 'Promise<Promise<{ id: number; title: string; content: string; customer_notes: string; status: string; }>>'.
lib/security/encryption.test.ts(502,24): error TS2339: Property 'customer_notes' does not exist on type 'Promise<Promise<{ id: number; title: string; content: string; customer_notes: string; status: string; }>>'.
lib/security/encryption.ts(208,33): error TS2532: Object is possibly 'undefined'.
lib/security/encryption.ts(208,64): error TS2345: Argument of type 'string | undefined' is not assignable to parameter of type 'string'.
  Type 'undefined' is not assignable to type 'string'.
lib/security/fine-grained-permissions.ts(18,3): error TS2614: Module '"./field-level-permissions"' has no exported member 'FieldFilterResult'. Did you mean to use 'import FieldFilterResult from "./field-level-permissions"' instead?
lib/security/fine-grained-permissions.ts(206,58): error TS2551: Property 'filterFieldsBatch' does not exist on type 'typeof FieldLevelPermissionService'. Did you mean 'filterFields'?
lib/security/fine-grained-permissions.ts(221,50): error TS2345: Argument of type 'Resource' is not assignable to parameter of type 'UserRole'.
lib/security/fine-grained-permissions.ts(327,35): error TS2551: Property 'hasRestrictedFields' does not exist on type 'typeof FieldLevelPermissionService'. Did you mean 'getRestrictedFields'?
lib/security/fine-grained-permissions.ts(390,55): error TS2345: Argument of type 'Resource' is not assignable to parameter of type 'UserRole'.
lib/security/fine-grained-permissions.ts(393,27): error TS2551: Property 'field' does not exist on type 'string'. Did you mean 'fixed'?
lib/security/fine-grained-permissions.ts(393,43): error TS2339: Property 'securityLevel' does not exist on type 'string'.
lib/security/index.ts(29,1): error TS2308: Module './field-level-permissions' has already exported a member named 'SensitiveFieldConfig'. Consider explicitly re-exporting to resolve the ambiguity.
lib/security/index.ts(29,1): error TS2308: Module './field-level-permissions' has already exported a member named 'isSensitiveField'. Consider explicitly re-exporting to resolve the ambiguity.
lib/security/index.ts(35,15): error TS2307: Cannot find module './edit-lock-manager' or its corresponding type declarations.
lib/security/permission-middleware.ts(639,11): error TS2740: Type '{ [x: number]: any; customers: AuditResource.CUSTOMER; sales_opportunities: AuditResource.SALES_OPPORTUNITY; proposals: AuditResource.PROPOSAL; knowledge_base: AuditResource.KNOWLEDGE_BASE; analytics: AuditResource.ANALYTICS; users: AuditResource.USER; audit_logs: AuditResource.AUDIT_LOG; api_keys: AuditResource.API...' is missing the following properties from type 'Record<Resource, AuditResource>': customer_contacts, proposal_templates, proposal_generations, knowledge_chunks, and 10 more.
lib/security/permission-middleware.ts(641,17): error TS2339: Property 'CONTACTS' does not exist on type 'typeof Resource'.
lib/security/permission-middleware.ts(641,42): error TS2339: Property 'CONTACT' does not exist on type 'typeof AuditResource'.
lib/security/permission-middleware.ts(645,17): error TS2339: Property 'TEMPLATES' does not exist on type 'typeof Resource'.
lib/security/permission-middleware.ts(645,43): error TS2339: Property 'TEMPLATE' does not exist on type 'typeof AuditResource'.
lib/security/permission-middleware.ts(646,17): error TS2339: Property 'WORKFLOWS' does not exist on type 'typeof Resource'.
lib/security/permission-middleware.ts(646,43): error TS2339: Property 'WORKFLOW' does not exist on type 'typeof AuditResource'.
lib/security/permission-middleware.ts(651,17): error TS2339: Property 'SYSTEM_SETTINGS' does not exist on type 'typeof Resource'.
lib/security/permission-middleware.ts(651,49): error TS2339: Property 'SYSTEM' does not exist on type 'typeof AuditResource'.
lib/security/permission-middleware.ts(654,82): error TS2339: Property 'SYSTEM' does not exist on type 'typeof AuditResource'.
lib/security/permission-middleware.ts(657,81): error TS2339: Property 'PERMISSION_DENY' does not exist on type 'typeof AuditAction'.
lib/security/permission-middleware.ts(662,22): error TS2339: Property 'name' does not exist on type 'JWTPayload'.
lib/security/permission-middleware.ts(664,7): error TS2322: Type 'string' is not assignable to type 'UserRole | undefined'.
lib/security/permission-middleware.ts(667,7): error TS2322: Type '"INFO" | "WARNING"' is not assignable to type 'AuditSeverity | undefined'.
  Type '"INFO"' is not assignable to type 'AuditSeverity | undefined'.
lib/security/resource-conditions.ts(249,24): error TS2339: Property 'TEMPLATES' does not exist on type 'typeof Resource'.
